<?xml version="1.0" encoding="UTF-8"?>
<testsuite name="com.sudamericancoders.tdd.AppTest" tests="1" skipped="0" failures="0" errors="0" timestamp="2021-03-19T23:33:44" hostname="thinkpad" time="0.087">
  <properties/>
  <testcase name="appHasAGreeting()" classname="com.sudamericancoders.tdd.AppTest" time="0.087"/>
  <system-out><![CDATA[]]></system-out>
  <system-err><![CDATA[]]></system-err>
</testsuite>
